<?xml version="1.0" encoding="UTF-8"?>
<!-- Generated by org.testng.reporters.JUnitReportReporter -->
<testsuite hostname="Cesar" failures="0" tests="3" name="TestNG.TestNGTestCase1" time="0.010" errors="0" timestamp="2024-11-07T16:09:03 CST" skipped="0">
  <testcase classname="TestNG.TestNGTestCase1" name="openNav" time="0.009"/>
  <system-out/>
  <testcase classname="TestNG.TestNGTestCase1" name="writeSearch" time="0.001"/>
  <system-out/>
  <testcase classname="TestNG.TestNGTestCase1" name="clickOption" time="0.000"/>
  <system-out/>
</testsuite> <!-- TestNG.TestNGTestCase1 -->
