<?xml version="1.0" encoding="UTF-8"?>
<!-- Generated by org.testng.reporters.JUnitReportReporter -->
<testsuite hostname="Cesar" failures="0" tests="3" name="TestNG.TestNGTestCase2" time="24.791" errors="0" timestamp="2024-11-08T00:14:31 CST" skipped="0">
  <testcase classname="TestNG.TestNGTestCase2" name="openNav" time="6.371"/>
  <system-out/>
  <testcase classname="TestNG.TestNGTestCase2" name="writeSearch" time="3.588"/>
  <system-out/>
  <testcase classname="TestNG.TestNGTestCase2" name="clickOption" time="14.832"/>
  <system-out/>
</testsuite> <!-- TestNG.TestNGTestCase2 -->
