<?xml version="1.0" encoding="UTF-8"?>
<!-- Generated by org.testng.reporters.JUnitReportReporter -->
<testsuite hostname="Cesar" failures="0" tests="3" name="TestNG.TestNGTestCase2" time="23.613" errors="0" timestamp="2024-10-29T12:45:42 CST" skipped="0">
  <testcase classname="TestNG.TestNGTestCase2" name="openNav" time="6.018"/>
  <system-out/>
  <testcase classname="TestNG.TestNGTestCase2" name="writeSearch" time="1.738"/>
  <system-out/>
  <testcase classname="TestNG.TestNGTestCase2" name="clickOption" time="15.857"/>
  <system-out/>
</testsuite> <!-- TestNG.TestNGTestCase2 -->
