<?xml version="1.0" encoding="UTF-8"?>
<!-- Generated by org.testng.reporters.JUnitReportReporter -->
<testsuite hostname="Cesar" failures="0" tests="3" name="TestNG.TestNGTestCase2" time="26.170" errors="0" timestamp="2024-10-31T13:43:41 CST" skipped="0">
  <testcase classname="TestNG.TestNGTestCase2" name="openNav" time="7.216"/>
  <system-out/>
  <testcase classname="TestNG.TestNGTestCase2" name="writeSearch" time="2.656"/>
  <system-out/>
  <testcase classname="TestNG.TestNGTestCase2" name="clickOption" time="16.298"/>
  <system-out/>
</testsuite> <!-- TestNG.TestNGTestCase2 -->
