<?xml version="1.0" encoding="UTF-8"?>
<!-- Generated by org.testng.reporters.JUnitReportReporter -->
<testsuite hostname="Cesar" failures="0" tests="3" name="TestNG.TestNGTestCase2" time="45.354" errors="0" timestamp="2024-08-06T13:59:26 CST" skipped="0">
  <testcase classname="TestNG.TestNGTestCase2" name="openNav" time="6.665"/>
  <system-out/>
  <testcase classname="TestNG.TestNGTestCase2" name="writeSearch" time="5.546"/>
  <system-out/>
  <testcase classname="TestNG.TestNGTestCase2" name="clickOption" time="33.143"/>
  <system-out/>
</testsuite> <!-- TestNG.TestNGTestCase2 -->
